{"C:\\repos\\random\\fake-data-source-2\\dist\\index.js":{"path":"C:\\repos\\random\\fake-data-source-2\\dist\\index.js","s":{"1":1,"2":1,"3":2,"4":2,"5":1,"6":1},"b":{"1":[2,0]},"f":{"1":1},"fnMap":{"1":{"name":"__export","line":2,"loc":{"start":{"line":2,"column":0},"end":{"line":2,"column":21}}}},"statementMap":{"1":{"start":{"line":2,"column":0},"end":{"line":4,"column":1}},"2":{"start":{"line":3,"column":4},"end":{"line":3,"column":71}},"3":{"start":{"line":3,"column":21},"end":{"line":3,"column":71}},"4":{"start":{"line":3,"column":53},"end":{"line":3,"column":71}},"5":{"start":{"line":5,"column":0},"end":{"line":5,"column":62}},"6":{"start":{"line":6,"column":0},"end":{"line":6,"column":29}}},"branchMap":{"1":{"line":3,"type":"if","locations":[{"start":{"line":3,"column":21},"end":{"line":3,"column":21}},{"start":{"line":3,"column":21},"end":{"line":3,"column":21}}]}}},"C:\\repos\\random\\fake-data-source-2\\dist\\users\\index.js":{"path":"C:\\repos\\random\\fake-data-source-2\\dist\\users\\index.js","s":{"1":1,"2":1,"3":1,"4":1,"5":1},"b":{},"f":{},"fnMap":{},"statementMap":{"1":{"start":{"line":2,"column":0},"end":{"line":2,"column":62}},"2":{"start":{"line":3,"column":0},"end":{"line":3,"column":55}},"3":{"start":{"line":4,"column":0},"end":{"line":4,"column":59}},"4":{"start":{"line":5,"column":0},"end":{"line":5,"column":45}},"5":{"start":{"line":6,"column":0},"end":{"line":6,"column":46}}},"branchMap":{}},"C:\\repos\\random\\fake-data-source-2\\dist\\users\\create-user-data.js":{"path":"C:\\repos\\random\\fake-data-source-2\\dist\\users\\create-user-data.js","s":{"1":1,"2":1,"3":1,"4":1,"5":2000,"6":1,"7":1,"8":0,"9":1,"10":20,"11":1,"12":20,"13":1,"14":1,"15":1000,"16":1,"17":1},"b":{"1":[0,1]},"f":{"1":2000,"2":1,"3":20,"4":20},"fnMap":{"1":{"name":"(anonymous_1)","line":6,"loc":{"start":{"line":6,"column":28},"end":{"line":6,"column":48}}},"2":{"name":"createUserData","line":9,"loc":{"start":{"line":9,"column":0},"end":{"line":9,"column":30}}},"3":{"name":"(anonymous_3)","line":11,"loc":{"start":{"line":11,"column":43},"end":{"line":11,"column":56}}},"4":{"name":"(anonymous_4)","line":12,"loc":{"start":{"line":12,"column":43},"end":{"line":12,"column":56}}}},"statementMap":{"1":{"start":{"line":2,"column":0},"end":{"line":2,"column":62}},"2":{"start":{"line":3,"column":0},"end":{"line":3,"column":31}},"3":{"start":{"line":4,"column":0},"end":{"line":4,"column":33}},"4":{"start":{"line":6,"column":0},"end":{"line":8,"column":2}},"5":{"start":{"line":7,"column":4},"end":{"line":7,"column":61}},"6":{"start":{"line":9,"column":0},"end":{"line":30,"column":1}},"7":{"start":{"line":10,"column":4},"end":{"line":10,"column":41}},"8":{"start":{"line":10,"column":27},"end":{"line":10,"column":39}},"9":{"start":{"line":11,"column":4},"end":{"line":11,"column":94}},"10":{"start":{"line":11,"column":58},"end":{"line":11,"column":90}},"11":{"start":{"line":12,"column":4},"end":{"line":12,"column":92}},"12":{"start":{"line":12,"column":58},"end":{"line":12,"column":88}},"13":{"start":{"line":13,"column":4},"end":{"line":13,"column":19}},"14":{"start":{"line":14,"column":4},"end":{"line":22,"column":5}},"15":{"start":{"line":15,"column":8},"end":{"line":21,"column":11}},"16":{"start":{"line":23,"column":4},"end":{"line":29,"column":6}},"17":{"start":{"line":31,"column":0},"end":{"line":31,"column":40}}},"branchMap":{"1":{"line":10,"type":"if","locations":[{"start":{"line":10,"column":4},"end":{"line":10,"column":4}},{"start":{"line":10,"column":4},"end":{"line":10,"column":4}}]}}},"C:\\repos\\random\\fake-data-source-2\\dist\\users\\utils.js":{"path":"C:\\repos\\random\\fake-data-source-2\\dist\\users\\utils.js","s":{"1":1,"2":1,"3":2,"4":2,"5":1,"6":9425,"7":1,"8":10496,"9":2},"b":{"1":[1,1],"2":[2,2,1]},"f":{"1":2,"2":9425,"3":10496},"fnMap":{"1":{"name":"(anonymous_1)","line":3,"loc":{"start":{"line":3,"column":19},"end":{"line":3,"column":44}}},"2":{"name":"(anonymous_2)","line":6,"loc":{"start":{"line":6,"column":17},"end":{"line":6,"column":33}}},"3":{"name":"(anonymous_3)","line":11,"loc":{"start":{"line":11,"column":17},"end":{"line":11,"column":33}}}},"statementMap":{"1":{"start":{"line":2,"column":0},"end":{"line":2,"column":62}},"2":{"start":{"line":3,"column":0},"end":{"line":14,"column":2}},"3":{"start":{"line":4,"column":4},"end":{"line":4,"column":15}},"4":{"start":{"line":5,"column":4},"end":{"line":12,"column":5}},"5":{"start":{"line":6,"column":8},"end":{"line":8,"column":10}},"6":{"start":{"line":7,"column":12},"end":{"line":7,"column":70}},"7":{"start":{"line":11,"column":8},"end":{"line":11,"column":61}},"8":{"start":{"line":11,"column":35},"end":{"line":11,"column":58}},"9":{"start":{"line":13,"column":4},"end":{"line":13,"column":33}}},"branchMap":{"1":{"line":5,"type":"if","locations":[{"start":{"line":5,"column":4},"end":{"line":5,"column":4}},{"start":{"line":5,"column":4},"end":{"line":5,"column":4}}]},"2":{"line":5,"type":"binary-expr","locations":[{"start":{"line":5,"column":8},"end":{"line":5,"column":22}},{"start":{"line":5,"column":26},"end":{"line":5,"column":40}},{"start":{"line":5,"column":44},"end":{"line":5,"column":62}}]}}},"C:\\repos\\random\\fake-data-source-2\\dist\\users\\fetch-users.js":{"path":"C:\\repos\\random\\fake-data-source-2\\dist\\users\\fetch-users.js","s":{"1":1,"2":1,"3":1,"4":0,"5":0,"6":0,"7":1,"8":2,"9":2,"10":2,"11":0,"12":0,"13":2,"14":2,"15":2,"16":1,"17":1,"18":0,"19":2,"20":2,"21":2},"b":{"1":[0,0,0,0,0,0],"2":[0,0],"3":[0,0],"4":[0,0],"5":[0,0],"6":[0,0],"7":[0,0],"8":[0,0],"9":[0,0],"10":[2,1],"11":[0,2],"12":[2,0],"13":[2,1],"14":[1,1],"15":[0,1],"16":[1,1],"17":[2,1]},"f":{"1":0,"2":0,"3":0,"4":2,"5":0},"fnMap":{"1":{"name":"(anonymous_1)","line":4,"loc":{"start":{"line":4,"column":22},"end":{"line":4,"column":52}}},"2":{"name":"(anonymous_2)","line":8,"loc":{"start":{"line":8,"column":46},"end":{"line":8,"column":59}}},"3":{"name":"(anonymous_3)","line":11,"loc":{"start":{"line":11,"column":42},"end":{"line":11,"column":55}}},"4":{"name":"(anonymous_4)","line":20,"loc":{"start":{"line":20,"column":21},"end":{"line":20,"column":46}}},"5":{"name":"(anonymous_5)","line":25,"loc":{"start":{"line":25,"column":30},"end":{"line":25,"column":43}}}},"statementMap":{"1":{"start":{"line":2,"column":0},"end":{"line":2,"column":62}},"2":{"start":{"line":3,"column":0},"end":{"line":3,"column":33}},"3":{"start":{"line":4,"column":0},"end":{"line":19,"column":2}},"4":{"start":{"line":5,"column":4},"end":{"line":18,"column":21}},"5":{"start":{"line":8,"column":61},"end":{"line":8,"column":88}},"6":{"start":{"line":11,"column":57},"end":{"line":11,"column":80}},"7":{"start":{"line":20,"column":0},"end":{"line":49,"column":2}},"8":{"start":{"line":21,"column":4},"end":{"line":21,"column":18}},"9":{"start":{"line":23,"column":4},"end":{"line":23,"column":37}},"10":{"start":{"line":24,"column":4},"end":{"line":29,"column":5}},"11":{"start":{"line":25,"column":8},"end":{"line":25,"column":83}},"12":{"start":{"line":25,"column":45},"end":{"line":25,"column":79}},"13":{"start":{"line":28,"column":8},"end":{"line":28,"column":23}},"14":{"start":{"line":31,"column":4},"end":{"line":31,"column":33}},"15":{"start":{"line":32,"column":4},"end":{"line":37,"column":5}},"16":{"start":{"line":33,"column":8},"end":{"line":33,"column":48}},"17":{"start":{"line":34,"column":8},"end":{"line":36,"column":9}},"18":{"start":{"line":35,"column":12},"end":{"line":35,"column":34}},"19":{"start":{"line":38,"column":4},"end":{"line":38,"column":47}},"20":{"start":{"line":40,"column":4},"end":{"line":43,"column":19}},"21":{"start":{"line":44,"column":4},"end":{"line":48,"column":6}}},"branchMap":{"1":{"line":5,"type":"binary-expr","locations":[{"start":{"line":5,"column":13},"end":{"line":5,"column":77}},{"start":{"line":6,"column":9},"end":{"line":6,"column":70}},{"start":{"line":7,"column":9},"end":{"line":9,"column":18}},{"start":{"line":10,"column":9},"end":{"line":12,"column":18}},{"start":{"line":13,"column":9},"end":{"line":15,"column":18}},{"start":{"line":16,"column":9},"end":{"line":18,"column":18}}]},"2":{"line":5,"type":"cond-expr","locations":[{"start":{"line":5,"column":35},"end":{"line":5,"column":70}},{"start":{"line":5,"column":73},"end":{"line":5,"column":77}}]},"3":{"line":6,"type":"cond-expr","locations":[{"start":{"line":6,"column":29},"end":{"line":6,"column":63}},{"start":{"line":6,"column":66},"end":{"line":6,"column":70}}]},"4":{"line":7,"type":"cond-expr","locations":[{"start":{"line":8,"column":14},"end":{"line":8,"column":98}},{"start":{"line":9,"column":14},"end":{"line":9,"column":18}}]},"5":{"line":10,"type":"cond-expr","locations":[{"start":{"line":11,"column":14},"end":{"line":11,"column":90}},{"start":{"line":12,"column":14},"end":{"line":12,"column":18}}]},"6":{"line":13,"type":"cond-expr","locations":[{"start":{"line":14,"column":14},"end":{"line":14,"column":47}},{"start":{"line":15,"column":14},"end":{"line":15,"column":18}}]},"7":{"line":13,"type":"binary-expr","locations":[{"start":{"line":13,"column":9},"end":{"line":13,"column":25}},{"start":{"line":13,"column":29},"end":{"line":13,"column":50}}]},"8":{"line":16,"type":"cond-expr","locations":[{"start":{"line":17,"column":14},"end":{"line":17,"column":45}},{"start":{"line":18,"column":14},"end":{"line":18,"column":18}}]},"9":{"line":16,"type":"binary-expr","locations":[{"start":{"line":16,"column":9},"end":{"line":16,"column":25}},{"start":{"line":16,"column":29},"end":{"line":16,"column":48}}]},"10":{"line":23,"type":"binary-expr","locations":[{"start":{"line":23,"column":17},"end":{"line":23,"column":21}},{"start":{"line":23,"column":25},"end":{"line":23,"column":36}}]},"11":{"line":24,"type":"if","locations":[{"start":{"line":24,"column":4},"end":{"line":24,"column":4}},{"start":{"line":24,"column":4},"end":{"line":24,"column":4}}]},"12":{"line":24,"type":"binary-expr","locations":[{"start":{"line":24,"column":8},"end":{"line":24,"column":14}},{"start":{"line":24,"column":18},"end":{"line":24,"column":48}}]},"13":{"line":31,"type":"binary-expr","locations":[{"start":{"line":31,"column":15},"end":{"line":31,"column":19}},{"start":{"line":31,"column":23},"end":{"line":31,"column":32}}]},"14":{"line":32,"type":"if","locations":[{"start":{"line":32,"column":4},"end":{"line":32,"column":4}},{"start":{"line":32,"column":4},"end":{"line":32,"column":4}}]},"15":{"line":34,"type":"if","locations":[{"start":{"line":34,"column":8},"end":{"line":34,"column":8}},{"start":{"line":34,"column":8},"end":{"line":34,"column":8}}]},"16":{"line":41,"type":"cond-expr","locations":[{"start":{"line":42,"column":14},"end":{"line":42,"column":95}},{"start":{"line":43,"column":14},"end":{"line":43,"column":18}}]},"17":{"line":41,"type":"binary-expr","locations":[{"start":{"line":41,"column":8},"end":{"line":41,"column":12}},{"start":{"line":41,"column":16},"end":{"line":41,"column":31}}]}}}}