TN:
SF:C:\repos\random\fake-data-source-2\dist\index.js
FN:2,__export
FNF:1
FNH:1
FNDA:1,__export
DA:2,1
DA:3,2
DA:5,1
DA:6,1
LF:4
LH:4
BRDA:3,1,0,2
BRDA:3,1,1,0
BRF:2
BRH:1
end_of_record
TN:
SF:C:\repos\random\fake-data-source-2\dist\users\index.js
FNF:0
FNH:0
DA:2,1
DA:3,1
DA:4,1
DA:5,1
DA:6,1
LF:5
LH:5
BRF:0
BRH:0
end_of_record
TN:
SF:C:\repos\random\fake-data-source-2\dist\users\create-user-data.js
FN:6,(anonymous_1)
FN:9,createUserData
FN:11,(anonymous_3)
FN:12,(anonymous_4)
FNF:4
FNH:4
FNDA:2000,(anonymous_1)
FNDA:1,createUserData
FNDA:20,(anonymous_3)
FNDA:20,(anonymous_4)
DA:2,1
DA:3,1
DA:4,1
DA:6,1
DA:7,2000
DA:9,1
DA:10,1
DA:11,20
DA:12,20
DA:13,1
DA:14,1
DA:15,1000
DA:23,1
DA:31,1
LF:14
LH:14
BRDA:10,1,0,0
BRDA:10,1,1,1
BRF:2
BRH:1
end_of_record
TN:
SF:C:\repos\random\fake-data-source-2\dist\users\utils.js
FN:3,(anonymous_1)
FN:6,(anonymous_2)
FN:11,(anonymous_3)
FNF:3
FNH:3
FNDA:2,(anonymous_1)
FNDA:9425,(anonymous_2)
FNDA:10496,(anonymous_3)
DA:2,1
DA:3,1
DA:4,2
DA:5,2
DA:6,1
DA:7,9425
DA:11,10496
DA:13,2
LF:8
LH:8
BRDA:5,1,0,1
BRDA:5,1,1,1
BRDA:5,2,0,2
BRDA:5,2,1,2
BRDA:5,2,2,1
BRF:5
BRH:5
end_of_record
TN:
SF:C:\repos\random\fake-data-source-2\dist\users\fetch-users.js
FN:4,(anonymous_1)
FN:8,(anonymous_2)
FN:11,(anonymous_3)
FN:20,(anonymous_4)
FN:25,(anonymous_5)
FNF:5
FNH:1
FNDA:0,(anonymous_1)
FNDA:0,(anonymous_2)
FNDA:0,(anonymous_3)
FNDA:2,(anonymous_4)
FNDA:0,(anonymous_5)
DA:2,1
DA:3,1
DA:4,1
DA:5,0
DA:8,0
DA:11,0
DA:20,1
DA:21,2
DA:23,2
DA:24,2
DA:25,0
DA:28,2
DA:31,2
DA:32,2
DA:33,1
DA:34,1
DA:35,0
DA:38,2
DA:40,2
DA:44,2
LF:20
LH:15
BRDA:5,1,0,0
BRDA:5,1,1,0
BRDA:5,1,2,0
BRDA:5,1,3,0
BRDA:5,1,4,0
BRDA:5,1,5,0
BRDA:5,2,0,0
BRDA:5,2,1,0
BRDA:6,3,0,0
BRDA:6,3,1,0
BRDA:7,4,0,0
BRDA:7,4,1,0
BRDA:10,5,0,0
BRDA:10,5,1,0
BRDA:13,6,0,0
BRDA:13,6,1,0
BRDA:13,7,0,0
BRDA:13,7,1,0
BRDA:16,8,0,0
BRDA:16,8,1,0
BRDA:16,9,0,0
BRDA:16,9,1,0
BRDA:23,10,0,2
BRDA:23,10,1,1
BRDA:24,11,0,0
BRDA:24,11,1,2
BRDA:24,12,0,2
BRDA:24,12,1,0
BRDA:31,13,0,2
BRDA:31,13,1,1
BRDA:32,14,0,1
BRDA:32,14,1,1
BRDA:34,15,0,0
BRDA:34,15,1,1
BRDA:41,16,0,1
BRDA:41,16,1,1
BRDA:41,17,0,2
BRDA:41,17,1,1
BRF:38
BRH:13
end_of_record
